#
# There is insufficient memory for the Java Runtime Environment to continue.
# Native memory allocation (mmap) failed to map 452984832 bytes for G1 virtual space
# Possible reasons:
#   The system is out of physical RAM or swap space
#   The process is running with CompressedOops enabled, and the Java Heap may be blocking the growth of the native heap
# Possible solutions:
#   Reduce memory load on the system
#   Increase physical memory or swap space
#   Check if swap backing store is full
#   Decrease Java heap size (-Xmx/-Xms)
#   Decrease number of Java threads
#   Decrease Java thread stack sizes (-Xss)
#   Set larger code cache with -XX:ReservedCodeCacheSize=
#   JVM is running with Zero Based Compressed Oops mode in which the Java heap is
#     placed in the first 32GB address space. The Java Heap base address is the
#     maximum limit for the native heap growth. Please use -XX:HeapBaseMinAddress
#     to set the Java Heap base and to place the Java Heap above 32GB virtual address.
# This output file may be truncated or incomplete.
#
#  Out of Memory Error (os_windows.cpp:3469), pid=15576, tid=13772
#
# JRE version: Java(TM) SE Runtime Environment (17.0.1+12) (build 17.0.1+12-LTS-39)
# Java VM: Java HotSpot(TM) 64-Bit Server VM (17.0.1+12-LTS-39, mixed mode, sharing, tiered, compressed oops, compressed class ptrs, g1 gc, windows-amd64)
# No core dump will be written. Minidumps are not enabled by default on client versions of Windows
#

---------------  S U M M A R Y ------------

Command Line: --add-opens=java.base/java.util=ALL-UNNAMED --add-opens=java.base/java.lang=ALL-UNNAMED --add-opens=java.base/java.lang.invoke=ALL-UNNAMED --add-opens=java.prefs/java.util.prefs=ALL-UNNAMED --add-opens=java.base/java.nio.charset=ALL-UNNAMED --add-opens=java.base/java.net=ALL-UNNAMED --add-opens=java.base/java.util.concurrent.atomic=ALL-UNNAMED -Xmx3G -Dfile.encoding=windows-1252 -Duser.country=US -Duser.language=en -Duser.variant -javaagent:D:\jais\.gradle\wrapper\dists\gradle-8.1.1-bin\9wiye5v2saajue4irfo8ybqfp\gradle-8.1.1\lib\agents\gradle-instrumentation-agent-8.1.1.jar org.gradle.launcher.daemon.bootstrap.GradleDaemon 8.1.1

Host: AMD Ryzen 5 2400G with Radeon Vega Graphics    , 8 cores, 13G,  Windows 10 , 64 bit Build 19041 (10.0.19041.2913)
Time: Thu Jun  8 16:13:33 2023 GTB Daylight Time elapsed time: 1319.419221 seconds (0d 0h 21m 59s)

---------------  T H R E A D  ---------------

Current thread (0x00000250b39efe30):  VMThread "VM Thread" [stack: 0x000000e7f0800000,0x000000e7f0900000] [id=13772]

Stack: [0x000000e7f0800000,0x000000e7f0900000]
Native frames: (J=compiled Java code, j=interpreted, Vv=VM code, C=native code)
V  [jvm.dll+0x66fa1a]
V  [jvm.dll+0x7ce5a4]
V  [jvm.dll+0x7cfd4e]
V  [jvm.dll+0x7d03b3]
V  [jvm.dll+0x242b05]
V  [jvm.dll+0x66ca39]
V  [jvm.dll+0x661502]
V  [jvm.dll+0x30081b]
V  [jvm.dll+0x307da6]
V  [jvm.dll+0x357a1e]
V  [jvm.dll+0x357c4f]
V  [jvm.dll+0x2d7ad8]
V  [jvm.dll+0x2d5da4]
V  [jvm.dll+0x2d53ac]
V  [jvm.dll+0x318d0b]
V  [jvm.dll+0x7d484b]
V  [jvm.dll+0x7d5584]
V  [jvm.dll+0x7d5a9c]
V  [jvm.dll+0x7d5e74]
V  [jvm.dll+0x7d5f40]
V  [jvm.dll+0x77e91a]
V  [jvm.dll+0x66e845]
C  [ucrtbase.dll+0x21bb2]
C  [KERNEL32.DLL+0x17614]
C  [ntdll.dll+0x526a1]

VM_Operation (0x000000e7f5ef9e30): G1CollectForAllocation, mode: safepoint, requested by thread 0x00000250b7eb8550


---------------  P R O C E S S  ---------------

Threads class SMR info:
_java_thread_list=0x00000250bcd1e6c0, length=84, elements={
0x000002509131ea60, 0x00000250b39f6550, 0x00000250b39f7ae0, 0x00000250b3a0b7b0,
0x00000250b3a0e080, 0x00000250b3a0e940, 0x00000250b3a0f200, 0x00000250b3a0fea0,
0x00000250b3a1bd60, 0x00000250b3a28e60, 0x00000250b39e1270, 0x00000250b4529510,
0x00000250b56f2850, 0x00000250b5d89020, 0x00000250b6870a90, 0x00000250b654b000,
0x00000250b654a660, 0x00000250b654ab30, 0x00000250b6548e50, 0x00000250b6549cc0,
0x00000250b654b4d0, 0x00000250b7eb8ef0, 0x00000250b7eb5a00, 0x00000250b7eb93c0,
0x00000250b7eb3d20, 0x00000250b7eb63a0, 0x00000250b7ebb0a0, 0x00000250b7eb5530,
0x00000250b7eb41f0, 0x00000250b654be70, 0x00000250b466ac20, 0x00000250b53a7d20,
0x00000250b53a34f0, 0x00000250b466b0f0, 0x00000250b466ef80, 0x00000250b466a750,
0x00000250b466b5c0, 0x00000250b466ba90, 0x00000250b466e110, 0x00000250b466bf60,
0x00000250b4669410, 0x00000250b466c430, 0x00000250b466e5e0, 0x00000250b466c900,
0x00000250b466d2a0, 0x00000250b46698e0, 0x00000250b466f450, 0x00000250b466d770,
0x00000250b46685a0, 0x00000250b4668a70, 0x00000250b4668f40, 0x00000250b4669db0,
0x00000250b466a280, 0x00000250b53a69e0, 0x00000250b53a1340, 0x00000250b53a39c0,
0x00000250b53a1810, 0x00000250b53a4830, 0x00000250b53a6040, 0x00000250b53a21b0,
0x00000250b53a1ce0, 0x00000250b53a3e90, 0x00000250b53a4360, 0x00000250b53a6510,
0x00000250b53a7380, 0x00000250b53a2b50, 0x00000250b53a6eb0, 0x00000250b7eb7210,
0x00000250b7eb3850, 0x00000250b7eb4b90, 0x00000250b7eb76e0, 0x00000250b7eb7bb0,
0x00000250b7eb9d60, 0x00000250b7ea7020, 0x00000250b7ea60f0, 0x00000250b7eb8080,
0x00000250b7ebabd0, 0x00000250b7eb46c0, 0x00000250b7eb5060, 0x00000250b7eb8550,
0x00000250b7eb8a20, 0x00000250b654a190, 0x00000250b65484b0, 0x00000250b654b9a0
}

Java Threads: ( => current thread )
  0x000002509131ea60 JavaThread "main" [_thread_blocked, id=18564, stack(0x000000e7f0200000,0x000000e7f0300000)]
  0x00000250b39f6550 JavaThread "Reference Handler" daemon [_thread_blocked, id=19264, stack(0x000000e7f0900000,0x000000e7f0a00000)]
  0x00000250b39f7ae0 JavaThread "Finalizer" daemon [_thread_blocked, id=908, stack(0x000000e7f0a00000,0x000000e7f0b00000)]
  0x00000250b3a0b7b0 JavaThread "Signal Dispatcher" daemon [_thread_blocked, id=21640, stack(0x000000e7f0b00000,0x000000e7f0c00000)]
  0x00000250b3a0e080 JavaThread "Attach Listener" daemon [_thread_blocked, id=17460, stack(0x000000e7f0c00000,0x000000e7f0d00000)]
  0x00000250b3a0e940 JavaThread "Service Thread" daemon [_thread_blocked, id=19228, stack(0x000000e7f0d00000,0x000000e7f0e00000)]
  0x00000250b3a0f200 JavaThread "Monitor Deflation Thread" daemon [_thread_blocked, id=21580, stack(0x000000e7f0e00000,0x000000e7f0f00000)]
  0x00000250b3a0fea0 JavaThread "C2 CompilerThread0" daemon [_thread_blocked, id=4344, stack(0x000000e7f0f00000,0x000000e7f1000000)]
  0x00000250b3a1bd60 JavaThread "C1 CompilerThread0" daemon [_thread_blocked, id=468, stack(0x000000e7f1000000,0x000000e7f1100000)]
  0x00000250b3a28e60 JavaThread "Sweeper thread" daemon [_thread_blocked, id=21584, stack(0x000000e7f1100000,0x000000e7f1200000)]
  0x00000250b39e1270 JavaThread "Common-Cleaner" daemon [_thread_blocked, id=11444, stack(0x000000e7f1200000,0x000000e7f1300000)]
  0x00000250b4529510 JavaThread "Notification Thread" daemon [_thread_blocked, id=18988, stack(0x000000e7f1300000,0x000000e7f1400000)]
  0x00000250b56f2850 JavaThread "Daemon health stats" [_thread_blocked, id=1792, stack(0x000000e7f1b00000,0x000000e7f1c00000)]
  0x00000250b5d89020 JavaThread "Incoming local TCP Connector on port 64182" [_thread_in_native, id=22224, stack(0x000000e7f1600000,0x000000e7f1700000)]
  0x00000250b6870a90 JavaThread "Daemon periodic checks" [_thread_blocked, id=15304, stack(0x000000e7f1c00000,0x000000e7f1d00000)]
  0x00000250b654b000 JavaThread "Cache worker for journal cache (D:\jais\.gradle\caches\journal-1)" [_thread_blocked, id=11024, stack(0x000000e7f2400000,0x000000e7f2500000)]
  0x00000250b654a660 JavaThread "File lock request listener" [_thread_in_native, id=7620, stack(0x000000e7f2500000,0x000000e7f2600000)]
  0x00000250b654ab30 JavaThread "Cache worker for file hash cache (D:\jais\.gradle\caches\8.1.1\fileHashes)" [_thread_blocked, id=12004, stack(0x000000e7f2600000,0x000000e7f2700000)]
  0x00000250b6548e50 JavaThread "File watcher server" daemon [_thread_blocked, id=21852, stack(0x000000e7f2800000,0x000000e7f2900000)]
  0x00000250b6549cc0 JavaThread "File watcher consumer" daemon [_thread_blocked, id=1196, stack(0x000000e7f2900000,0x000000e7f2a00000)]
  0x00000250b654b4d0 JavaThread "Cache worker for file content cache (D:\jais\.gradle\caches\8.1.1\fileContent)" [_thread_blocked, id=15956, stack(0x000000e7f2c00000,0x000000e7f2d00000)]
  0x00000250b7eb8ef0 JavaThread "Cache worker for execution history cache (D:\jais\.gradle\caches\8.1.1\executionHistory)" [_thread_blocked, id=12948, stack(0x000000e7f3300000,0x000000e7f3400000)]
  0x00000250b7eb5a00 JavaThread "jar transforms" [_thread_blocked, id=15688, stack(0x000000e7f3400000,0x000000e7f3500000)]
  0x00000250b7eb93c0 JavaThread "jar transforms Thread 2" [_thread_blocked, id=20092, stack(0x000000e7f3500000,0x000000e7f3600000)]
  0x00000250b7eb3d20 JavaThread "jar transforms Thread 3" [_thread_blocked, id=1800, stack(0x000000e7f3600000,0x000000e7f3700000)]
  0x00000250b7eb63a0 JavaThread "jar transforms Thread 4" [_thread_blocked, id=22368, stack(0x000000e7f3700000,0x000000e7f3800000)]
  0x00000250b7ebb0a0 JavaThread "jar transforms Thread 5" [_thread_blocked, id=2884, stack(0x000000e7f3a00000,0x000000e7f3b00000)]
  0x00000250b7eb5530 JavaThread "jar transforms Thread 6" [_thread_blocked, id=10760, stack(0x000000e7f3800000,0x000000e7f3900000)]
  0x00000250b7eb41f0 JavaThread "jar transforms Thread 7" [_thread_blocked, id=22496, stack(0x000000e7f3b00000,0x000000e7f3c00000)]
  0x00000250b654be70 JavaThread "jar transforms Thread 8" [_thread_blocked, id=21672, stack(0x000000e7f3c00000,0x000000e7f3d00000)]
  0x00000250b466ac20 JavaThread "Memory manager" [_thread_blocked, id=17740, stack(0x000000e7f6300000,0x000000e7f6400000)]
  0x00000250b53a7d20 JavaThread "Daemon Thread 4" [_thread_blocked, id=15936, stack(0x000000e7eff00000,0x000000e7f0000000)]
  0x00000250b53a34f0 JavaThread "Daemon worker Thread 3" [_thread_blocked, id=18188, stack(0x000000e7f1500000,0x000000e7f1600000)]
  0x00000250b466b0f0 JavaThread "Handler for socket connection from /127.0.0.1:64182 to /127.0.0.1:64600" [_thread_in_native, id=11152, stack(0x000000e7f0000000,0x000000e7f0100000)]
  0x00000250b466ef80 JavaThread "Cancel handler" [_thread_blocked, id=4484, stack(0x000000e7f0100000,0x000000e7f0200000)]
  0x00000250b466a750 JavaThread "Asynchronous log dispatcher for DefaultDaemonConnection: socket connection from /127.0.0.1:64182 to /127.0.0.1:64600" [_thread_blocked, id=7972, stack(0x000000e7f1d00000,0x000000e7f1e00000)]
  0x00000250b466b5c0 JavaThread "Stdin handler" [_thread_blocked, id=21708, stack(0x000000e7f1e00000,0x000000e7f1f00000)]
  0x00000250b466ba90 JavaThread "Daemon client event forwarder" [_thread_blocked, id=10304, stack(0x000000e7f1f00000,0x000000e7f2000000)]
  0x00000250b466e110 JavaThread "Cache worker for checksums cache (D:\jais\projects\jumpboat-1.18\.gradle\8.1.1\checksums)" [_thread_blocked, id=7076, stack(0x000000e7f2000000,0x000000e7f2100000)]
  0x00000250b466bf60 JavaThread "Cache worker for cache directory md-rule (D:\jais\.gradle\caches\8.1.1\md-rule)" [_thread_blocked, id=17384, stack(0x000000e7f2100000,0x000000e7f2200000)]
  0x00000250b4669410 JavaThread "Cache worker for file hash cache (D:\jais\projects\jumpboat-1.18\.gradle\8.1.1\fileHashes)" [_thread_blocked, id=3640, stack(0x000000e7f2300000,0x000000e7f2400000)]
  0x00000250b466c430 JavaThread "Cache worker for cache directory md-supplier (D:\jais\.gradle\caches\8.1.1\md-supplier)" [_thread_blocked, id=2912, stack(0x000000e7f2700000,0x000000e7f2800000)]
  0x00000250b466e5e0 JavaThread "Unconstrained build operations" [_thread_blocked, id=2944, stack(0x000000e7f2a00000,0x000000e7f2b00000)]
  0x00000250b466c900 JavaThread "Unconstrained build operations Thread 2" [_thread_blocked, id=10844, stack(0x000000e7f2b00000,0x000000e7f2c00000)]
  0x00000250b466d2a0 JavaThread "Cache worker for dependencies-accessors (D:\jais\projects\jumpboat-1.18\.gradle\8.1.1\dependencies-accessors)" [_thread_blocked, id=4200, stack(0x000000e7f3100000,0x000000e7f3200000)]
  0x00000250b46698e0 JavaThread "Cache worker for Build Output Cleanup Cache (D:\jais\projects\jumpboat-1.18\.gradle\buildOutputCleanup)" [_thread_blocked, id=18668, stack(0x000000e7f3200000,0x000000e7f3300000)]
  0x00000250b466f450 JavaThread "Unconstrained build operations Thread 3" [_thread_blocked, id=12308, stack(0x000000e7f3d00000,0x000000e7f3e00000)]
  0x00000250b466d770 JavaThread "Unconstrained build operations Thread 4" [_thread_blocked, id=21596, stack(0x000000e7f3e00000,0x000000e7f3f00000)]
  0x00000250b46685a0 JavaThread "Unconstrained build operations Thread 5" [_thread_blocked, id=19800, stack(0x000000e7f3f00000,0x000000e7f4000000)]
  0x00000250b4668a70 JavaThread "Unconstrained build operations Thread 6" [_thread_blocked, id=20192, stack(0x000000e7f4000000,0x000000e7f4100000)]
  0x00000250b4668f40 JavaThread "Unconstrained build operations Thread 7" [_thread_blocked, id=4596, stack(0x000000e7f4100000,0x000000e7f4200000)]
  0x00000250b4669db0 JavaThread "Unconstrained build operations Thread 8" [_thread_blocked, id=16512, stack(0x000000e7f4200000,0x000000e7f4300000)]
  0x00000250b466a280 JavaThread "Unconstrained build operations Thread 9" [_thread_blocked, id=16636, stack(0x000000e7f4300000,0x000000e7f4400000)]
  0x00000250b53a69e0 JavaThread "ForkJoinPool.commonPool-worker-2" daemon [_thread_blocked, id=5592, stack(0x000000e7f4500000,0x000000e7f4600000)]
  0x00000250b53a1340 JavaThread "ForkJoinPool.commonPool-worker-3" daemon [_thread_blocked, id=20908, stack(0x000000e7f4600000,0x000000e7f4700000)]
  0x00000250b53a39c0 JavaThread "ForkJoinPool.commonPool-worker-4" daemon [_thread_blocked, id=252, stack(0x000000e7f4700000,0x000000e7f4800000)]
  0x00000250b53a1810 JavaThread "ForkJoinPool.commonPool-worker-5" daemon [_thread_blocked, id=14908, stack(0x000000e7f4800000,0x000000e7f4900000)]
  0x00000250b53a4830 JavaThread "ForkJoinPool.commonPool-worker-7" daemon [_thread_blocked, id=18716, stack(0x000000e7f4a00000,0x000000e7f4b00000)]
  0x00000250b53a6040 JavaThread "Unconstrained build operations Thread 10" [_thread_blocked, id=21716, stack(0x000000e7f2200000,0x000000e7f2300000)]
  0x00000250b53a21b0 JavaThread "Unconstrained build operations Thread 11" [_thread_blocked, id=19568, stack(0x000000e7f4d00000,0x000000e7f4e00000)]
  0x00000250b53a1ce0 JavaThread "Unconstrained build operations Thread 12" [_thread_blocked, id=20992, stack(0x000000e7f5000000,0x000000e7f5100000)]
  0x00000250b53a3e90 JavaThread "Unconstrained build operations Thread 13" [_thread_blocked, id=17836, stack(0x000000e7f5100000,0x000000e7f5200000)]
  0x00000250b53a4360 JavaThread "Unconstrained build operations Thread 14" [_thread_blocked, id=22364, stack(0x000000e7f5200000,0x000000e7f5300000)]
  0x00000250b53a6510 JavaThread "Unconstrained build operations Thread 15" [_thread_blocked, id=2312, stack(0x000000e7f5300000,0x000000e7f5400000)]
  0x00000250b53a7380 JavaThread "Unconstrained build operations Thread 16" [_thread_blocked, id=19532, stack(0x000000e7f5400000,0x000000e7f5500000)]
  0x00000250b53a2b50 JavaThread "File lock release action executor" [_thread_blocked, id=1168, stack(0x000000e7f4400000,0x000000e7f4500000)]
  0x00000250b53a6eb0 JavaThread "Unconstrained build operations Thread 17" [_thread_blocked, id=9028, stack(0x000000e7f4900000,0x000000e7f4a00000)]
  0x00000250b7eb7210 JavaThread "Unconstrained build operations Thread 18" [_thread_blocked, id=3044, stack(0x000000e7f4b00000,0x000000e7f4c00000)]
  0x00000250b7eb3850 JavaThread "Unconstrained build operations Thread 19" [_thread_blocked, id=19816, stack(0x000000e7f4e00000,0x000000e7f4f00000)]
  0x00000250b7eb4b90 JavaThread "Unconstrained build operations Thread 20" [_thread_blocked, id=9352, stack(0x000000e7f4f00000,0x000000e7f5000000)]
  0x00000250b7eb76e0 JavaThread "Unconstrained build operations Thread 21" [_thread_blocked, id=4620, stack(0x000000e7f5500000,0x000000e7f5600000)]
  0x00000250b7eb7bb0 JavaThread "Unconstrained build operations Thread 22" [_thread_blocked, id=8436, stack(0x000000e7f5600000,0x000000e7f5700000)]
  0x00000250b7eb9d60 JavaThread "Unconstrained build operations Thread 23" [_thread_blocked, id=11644, stack(0x000000e7f5700000,0x000000e7f5800000)]
  0x00000250b7ea7020 JavaThread "C2 CompilerThread1" daemon [_thread_blocked, id=5316, stack(0x000000e7f5800000,0x000000e7f5900000)]
  0x00000250b7ea60f0 JavaThread "C2 CompilerThread2" daemon [_thread_blocked, id=836, stack(0x000000e7f5900000,0x000000e7f5a00000)]
  0x00000250b7eb8080 JavaThread "included builds" [_thread_blocked, id=436, stack(0x000000e7f5a00000,0x000000e7f5b00000)]
  0x00000250b7ebabd0 JavaThread "Execution worker" [_thread_blocked, id=7744, stack(0x000000e7f5b00000,0x000000e7f5c00000)]
  0x00000250b7eb46c0 JavaThread "Execution worker Thread 2" [_thread_blocked, id=13056, stack(0x000000e7f5c00000,0x000000e7f5d00000)]
  0x00000250b7eb5060 JavaThread "Execution worker Thread 3" [_thread_blocked, id=9800, stack(0x000000e7f5d00000,0x000000e7f5e00000)]
  0x00000250b7eb8550 JavaThread "Execution worker Thread 4" [_thread_blocked, id=7204, stack(0x000000e7f5e00000,0x000000e7f5f00000)]
  0x00000250b7eb8a20 JavaThread "Execution worker Thread 5" [_thread_blocked, id=19332, stack(0x000000e7f5f00000,0x000000e7f6000000)]
  0x00000250b654a190 JavaThread "Execution worker Thread 6" [_thread_blocked, id=11692, stack(0x000000e7f6000000,0x000000e7f6100000)]
  0x00000250b65484b0 JavaThread "Execution worker Thread 7" [_thread_blocked, id=10704, stack(0x000000e7f6100000,0x000000e7f6200000)]
  0x00000250b654b9a0 JavaThread "Cache worker for execution history cache (D:\jais\projects\jumpboat-1.18\.gradle\8.1.1\executionHistory)" [_thread_blocked, id=11044, stack(0x000000e7f6200000,0x000000e7f6300000)]

Other Threads:
=>0x00000250b39efe30 VMThread "VM Thread" [stack: 0x000000e7f0800000,0x000000e7f0900000] [id=13772]
  0x000002509131fa10 WatcherThread [stack: 0x000000e7f1400000,0x000000e7f1500000] [id=11160]
  0x0000025091362c60 GCTaskThread "GC Thread#0" [stack: 0x000000e7f0300000,0x000000e7f0400000] [id=6180]
  0x00000250b47d7930 GCTaskThread "GC Thread#1" [stack: 0x000000e7f1700000,0x000000e7f1800000] [id=9552]
  0x00000250b4e92600 GCTaskThread "GC Thread#2" [stack: 0x000000e7f1800000,0x000000e7f1900000] [id=6972]
  0x00000250b4c61970 GCTaskThread "GC Thread#3" [stack: 0x000000e7f1900000,0x000000e7f1a00000] [id=8108]
  0x00000250b4fc5790 GCTaskThread "GC Thread#4" [stack: 0x000000e7f1a00000,0x000000e7f1b00000] [id=21612]
  0x00000250b798c7b0 GCTaskThread "GC Thread#5" [stack: 0x000000e7f2d00000,0x000000e7f2e00000] [id=9576]
  0x00000250b98d9610 GCTaskThread "GC Thread#6" [stack: 0x000000e7f2e00000,0x000000e7f2f00000] [id=22168]
  0x00000250b7951880 GCTaskThread "GC Thread#7" [stack: 0x000000e7f2f00000,0x000000e7f3000000] [id=19056]
  0x0000025091370ac0 ConcurrentGCThread "G1 Main Marker" [stack: 0x000000e7f0400000,0x000000e7f0500000] [id=22264]
  0x00000250913713e0 ConcurrentGCThread "G1 Conc#0" [stack: 0x000000e7f0500000,0x000000e7f0600000] [id=4420]
  0x00000250b9d4bb40 ConcurrentGCThread "G1 Conc#1" [stack: 0x000000e7f3000000,0x000000e7f3100000] [id=21800]
  0x00000250b38c20b0 ConcurrentGCThread "G1 Refine#0" [stack: 0x000000e7f0600000,0x000000e7f0700000] [id=19120]
  0x00000250b7a7c0b0 ConcurrentGCThread "G1 Refine#1" [stack: 0x000000e7f3900000,0x000000e7f3a00000] [id=20448]
  0x00000250bcf2ca70 ConcurrentGCThread "G1 Refine#2" [stack: 0x000000e7f6500000,0x000000e7f6600000] [id=18408]
  0x00000250bcf2adb0 ConcurrentGCThread "G1 Refine#3" [stack: 0x000000e7f6600000,0x000000e7f6700000] [id=15960]
  0x00000250bcf2b090 ConcurrentGCThread "G1 Refine#4" [stack: 0x000000e7f6700000,0x000000e7f6800000] [id=18624]
  0x00000250b7a7c950 ConcurrentGCThread "G1 Refine#5" [stack: 0x000000e7f6800000,0x000000e7f6900000] [id=20344]
  0x00000250b7a7c390 ConcurrentGCThread "G1 Refine#6" [stack: 0x000000e7f6900000,0x000000e7f6a00000] [id=19728]
  0x00000250b7a7cc30 ConcurrentGCThread "G1 Refine#7" [stack: 0x000000e7f6a00000,0x000000e7f6b00000] [id=6512]
  0x00000250b38c29e0 ConcurrentGCThread "G1 Service" [stack: 0x000000e7f0700000,0x000000e7f0800000] [id=4384]

Threads with active compile tasks:
C2 CompilerThread0  1319437 16373       4       jdk.internal.org.objectweb.asm.ClassWriter::toByteArray (1515 bytes)
C2 CompilerThread1  1319437 16416       4       java.util.stream.AbstractPipeline::sourceStageSpliterator (112 bytes)
C2 CompilerThread2  1319438 16367 %     4       net.minecraftforge.srgutils.InternalUtils::loadTSrg2 @ 100 (661 bytes)

VM state: at safepoint (normal execution)

VM Mutex/Monitor currently owned by a thread:  ([mutex/lock_event])
[0x000002509131ac40] Threads_lock - owner thread: 0x00000250b39efe30
[0x000002509131bdb0] Heap_lock - owner thread: 0x00000250b7eb8550

Heap address: 0x0000000740000000, size: 3072 MB, Compressed Oops mode: Zero based, Oop shift amount: 3

CDS archive(s) mapped at: [0x0000000800000000-0x0000000800bc0000-0x0000000800bc0000), size 12320768, SharedBaseAddress: 0x0000000800000000, ArchiveRelocationMode: 0.
Compressed class space mapped at: 0x0000000800c00000-0x0000000840c00000, reserved size: 1073741824
Narrow klass base: 0x0000000800000000, Narrow klass shift: 0, Narrow klass range: 0x100000000

GC Precious Log:
 CPUs: 8 total, 8 available
 Memory: 14244M
 Large Page Support: Disabled
 NUMA Support: Disabled
 Compressed Oops: Enabled (Zero based)
 Heap Region Size: 2M
 Heap Min Capacity: 8M
 Heap Initial Capacity: 224M
 Heap Max Capacity: 3G
 Pre-touch: Disabled
 Parallel Workers: 8
 Concurrent Workers: 2
 Concurrent Refinement Workers: 8
 Periodic GC: Disabled

Heap:
 garbage-first heap   total 251904K, used 185455K [0x0000000740000000, 0x0000000800000000)
  region size 2048K, 2 young (4096K), 2 survivors (4096K)
 Metaspace       used 78426K, committed 79360K, reserved 1122304K
  class space    used 10557K, committed 11008K, reserved 1048576K

Heap Regions: E=young(eden), S=young(survivor), O=old, HS=humongous(starts), HC=humongous(continues), CS=collection set, F=free, OA=open archive, CA=closed archive, TAMS=top-at-mark-start (previous, next)
|   0|0x0000000740000000, 0x0000000740200000, 0x0000000740200000|100%|HS|  |TAMS 0x0000000740200000, 0x0000000740200000| Complete 
|   1|0x0000000740200000, 0x0000000740400000, 0x0000000740400000|100%|HC|  |TAMS 0x0000000740400000, 0x0000000740400000| Complete 
|   2|0x0000000740400000, 0x0000000740600000, 0x0000000740600000|100%| O|  |TAMS 0x0000000740600000, 0x0000000740600000| Untracked 
|   3|0x0000000740600000, 0x0000000740800000, 0x0000000740800000|100%| O|  |TAMS 0x0000000740800000, 0x0000000740800000| Untracked 
|   4|0x0000000740800000, 0x0000000740a00000, 0x0000000740a00000|100%| O|  |TAMS 0x0000000740a00000, 0x0000000740a00000| Untracked 
|   5|0x0000000740a00000, 0x0000000740c00000, 0x0000000740c00000|100%| O|  |TAMS 0x0000000740c00000, 0x0000000740c00000| Untracked 
|   6|0x0000000740c00000, 0x0000000740e00000, 0x0000000740e00000|100%| O|  |TAMS 0x0000000740e00000, 0x0000000740e00000| Untracked 
|   7|0x0000000740e00000, 0x0000000741000000, 0x0000000741000000|100%| O|  |TAMS 0x0000000741000000, 0x0000000741000000| Untracked 
|   8|0x0000000741000000, 0x0000000741200000, 0x0000000741200000|100%| O|  |TAMS 0x0000000741200000, 0x0000000741200000| Untracked 
|   9|0x0000000741200000, 0x0000000741400000, 0x0000000741400000|100%| O|  |TAMS 0x0000000741400000, 0x0000000741400000| Untracked 
|  10|0x0000000741400000, 0x0000000741600000, 0x0000000741600000|100%| O|  |TAMS 0x0000000741600000, 0x0000000741600000| Untracked 
|  11|0x0000000741600000, 0x0000000741800000, 0x0000000741800000|100%| O|  |TAMS 0x0000000741800000, 0x0000000741800000| Untracked 
|  12|0x0000000741800000, 0x0000000741a00000, 0x0000000741a00000|100%| O|  |TAMS 0x0000000741a00000, 0x0000000741a00000| Untracked 
|  13|0x0000000741a00000, 0x0000000741c00000, 0x0000000741c00000|100%| O|  |TAMS 0x0000000741c00000, 0x0000000741c00000| Untracked 
|  14|0x0000000741c00000, 0x0000000741e00000, 0x0000000741e00000|100%| O|  |TAMS 0x0000000741e00000, 0x0000000741e00000| Untracked 
|  15|0x0000000741e00000, 0x0000000742000000, 0x0000000742000000|100%| O|  |TAMS 0x0000000742000000, 0x0000000742000000| Untracked 
|  16|0x0000000742000000, 0x0000000742200000, 0x0000000742200000|100%| O|  |TAMS 0x0000000742200000, 0x0000000742200000| Untracked 
|  17|0x0000000742200000, 0x0000000742400000, 0x0000000742400000|100%| O|  |TAMS 0x0000000742400000, 0x0000000742400000| Untracked 
|  18|0x0000000742400000, 0x0000000742600000, 0x0000000742600000|100%| O|  |TAMS 0x00000007425d7600, 0x0000000742600000| Untracked 
|  19|0x0000000742600000, 0x0000000742800000, 0x0000000742800000|100%| O|  |TAMS 0x0000000742600000, 0x0000000742800000| Untracked 
|  20|0x0000000742800000, 0x0000000742a00000, 0x0000000742a00000|100%| O|  |TAMS 0x0000000742800000, 0x0000000742a00000| Untracked 
|  21|0x0000000742a00000, 0x0000000742c00000, 0x0000000742c00000|100%| O|  |TAMS 0x0000000742a00000, 0x0000000742c00000| Untracked 
|  22|0x0000000742c00000, 0x0000000742d53a00, 0x0000000742e00000| 66%| O|  |TAMS 0x0000000742c00000, 0x0000000742d53a00| Untracked 
|  23|0x0000000742e00000, 0x0000000743000000, 0x0000000743000000|100%| O|  |TAMS 0x0000000743000000, 0x0000000743000000| Untracked 
|  24|0x0000000743000000, 0x0000000743200000, 0x0000000743200000|100%| O|  |TAMS 0x0000000743000000, 0x0000000743200000| Untracked 
|  25|0x0000000743200000, 0x0000000743400000, 0x0000000743400000|100%|HS|  |TAMS 0x0000000743200000, 0x0000000743400000| Complete 
|  26|0x0000000743400000, 0x0000000743600000, 0x0000000743600000|100%| O|  |TAMS 0x0000000743400000, 0x0000000743600000| Untracked 
|  27|0x0000000743600000, 0x0000000743800000, 0x0000000743800000|100%| O|  |TAMS 0x0000000743600000, 0x0000000743800000| Untracked 
|  28|0x0000000743800000, 0x0000000743a00000, 0x0000000743a00000|100%| O|  |TAMS 0x0000000743800000, 0x0000000743a00000| Untracked 
|  29|0x0000000743a00000, 0x0000000743c00000, 0x0000000743c00000|100%| O|  |TAMS 0x0000000743a00000, 0x0000000743c00000| Untracked 
|  30|0x0000000743c00000, 0x0000000743e00000, 0x0000000743e00000|100%| O|  |TAMS 0x0000000743c00000, 0x0000000743e00000| Untracked 
|  31|0x0000000743e00000, 0x0000000744000000, 0x0000000744000000|100%| O|  |TAMS 0x0000000743e00000, 0x0000000744000000| Untracked 
|  32|0x0000000744000000, 0x0000000744200000, 0x0000000744200000|100%| O|  |TAMS 0x0000000744000000, 0x0000000744200000| Untracked 
|  33|0x0000000744200000, 0x0000000744400000, 0x0000000744400000|100%| O|  |TAMS 0x0000000744200000, 0x0000000744400000| Untracked 
|  34|0x0000000744400000, 0x0000000744600000, 0x0000000744600000|100%| O|  |TAMS 0x0000000744400000, 0x0000000744600000| Untracked 
|  35|0x0000000744600000, 0x0000000744800000, 0x0000000744800000|100%| O|  |TAMS 0x0000000744600000, 0x0000000744800000| Untracked 
|  36|0x0000000744800000, 0x0000000744a00000, 0x0000000744a00000|100%| O|  |TAMS 0x0000000744800000, 0x0000000744a00000| Untracked 
|  37|0x0000000744a00000, 0x0000000744c00000, 0x0000000744c00000|100%| O|  |TAMS 0x0000000744a00000, 0x0000000744c00000| Untracked 
|  38|0x0000000744c00000, 0x0000000744e00000, 0x0000000744e00000|100%| O|  |TAMS 0x0000000744c00000, 0x0000000744e00000| Untracked 
|  39|0x0000000744e00000, 0x0000000745000000, 0x0000000745000000|100%| O|  |TAMS 0x0000000744e00000, 0x0000000745000000| Untracked 
|  40|0x0000000745000000, 0x0000000745200000, 0x0000000745200000|100%| O|  |TAMS 0x0000000745000000, 0x0000000745200000| Untracked 
|  41|0x0000000745200000, 0x0000000745400000, 0x0000000745400000|100%| O|  |TAMS 0x0000000745200000, 0x0000000745400000| Untracked 
|  42|0x0000000745400000, 0x0000000745600000, 0x0000000745600000|100%| O|  |TAMS 0x0000000745400000, 0x0000000745600000| Untracked 
|  43|0x0000000745600000, 0x0000000745800000, 0x0000000745800000|100%| O|  |TAMS 0x0000000745600000, 0x0000000745800000| Untracked 
|  44|0x0000000745800000, 0x0000000745a00000, 0x0000000745a00000|100%| O|  |TAMS 0x0000000745800000, 0x0000000745a00000| Untracked 
|  45|0x0000000745a00000, 0x0000000745c00000, 0x0000000745c00000|100%| O|  |TAMS 0x0000000745a00000, 0x0000000745a00000| Untracked 
|  46|0x0000000745c00000, 0x0000000745e00000, 0x0000000745e00000|100%| O|  |TAMS 0x0000000745c00000, 0x0000000745c00000| Untracked 
|  47|0x0000000745e00000, 0x0000000746000000, 0x0000000746000000|100%| O|  |TAMS 0x0000000745e00000, 0x0000000745e00000| Untracked 
|  48|0x0000000746000000, 0x0000000746200000, 0x0000000746200000|100%| O|  |TAMS 0x0000000746000000, 0x0000000746000000| Untracked 
|  49|0x0000000746200000, 0x0000000746400000, 0x0000000746400000|100%| O|  |TAMS 0x0000000746200000, 0x0000000746200000| Untracked 
|  50|0x0000000746400000, 0x0000000746600000, 0x0000000746600000|100%| O|  |TAMS 0x0000000746400000, 0x0000000746400000| Untracked 
|  51|0x0000000746600000, 0x0000000746800000, 0x0000000746800000|100%| O|  |TAMS 0x0000000746600000, 0x0000000746600000| Untracked 
|  52|0x0000000746800000, 0x0000000746a00000, 0x0000000746a00000|100%| O|  |TAMS 0x0000000746800000, 0x0000000746a00000| Untracked 
|  53|0x0000000746a00000, 0x0000000746c00000, 0x0000000746c00000|100%| O|  |TAMS 0x0000000746a00000, 0x0000000746c00000| Untracked 
|  54|0x0000000746c00000, 0x0000000746e00000, 0x0000000746e00000|100%| O|  |TAMS 0x0000000746c00000, 0x0000000746e00000| Untracked 
|  55|0x0000000746e00000, 0x0000000747000000, 0x0000000747000000|100%| O|  |TAMS 0x0000000746e00000, 0x0000000747000000| Untracked 
|  56|0x0000000747000000, 0x0000000747200000, 0x0000000747200000|100%| O|  |TAMS 0x0000000747000000, 0x0000000747200000| Untracked 
|  57|0x0000000747200000, 0x0000000747400000, 0x0000000747400000|100%| O|  |TAMS 0x0000000747200000, 0x0000000747400000| Untracked 
|  58|0x0000000747400000, 0x0000000747600000, 0x0000000747600000|100%| O|  |TAMS 0x0000000747400000, 0x0000000747600000| Untracked 
|  59|0x0000000747600000, 0x0000000747800000, 0x0000000747800000|100%| O|  |TAMS 0x0000000747600000, 0x0000000747800000| Untracked 
|  60|0x0000000747800000, 0x0000000747a00000, 0x0000000747a00000|100%| O|  |TAMS 0x0000000747800000, 0x0000000747a00000| Untracked 
|  61|0x0000000747a00000, 0x0000000747c00000, 0x0000000747c00000|100%| O|  |TAMS 0x0000000747a00000, 0x0000000747c00000| Untracked 
|  62|0x0000000747c00000, 0x0000000747e00000, 0x0000000747e00000|100%| O|  |TAMS 0x0000000747c00000, 0x0000000747e00000| Untracked 
|  63|0x0000000747e00000, 0x0000000748000000, 0x0000000748000000|100%| O|  |TAMS 0x0000000747e00000, 0x0000000748000000| Untracked 
|  64|0x0000000748000000, 0x0000000748200000, 0x0000000748200000|100%| O|  |TAMS 0x0000000748000000, 0x0000000748200000| Untracked 
|  65|0x0000000748200000, 0x0000000748400000, 0x0000000748400000|100%| O|  |TAMS 0x0000000748200000, 0x0000000748400000| Untracked 
|  66|0x0000000748400000, 0x0000000748600000, 0x0000000748600000|100%| O|  |TAMS 0x0000000748400000, 0x0000000748600000| Untracked 
|  67|0x0000000748600000, 0x0000000748800000, 0x0000000748800000|100%| O|  |TAMS 0x0000000748600000, 0x0000000748800000| Untracked 
|  68|0x0000000748800000, 0x0000000748a00000, 0x0000000748a00000|100%| O|  |TAMS 0x0000000748800000, 0x0000000748884000| Untracked 
|  69|0x0000000748a00000, 0x0000000748c00000, 0x0000000748c00000|100%| O|  |TAMS 0x0000000748a00000, 0x0000000748a00000| Untracked 
|  70|0x0000000748c00000, 0x0000000748e00000, 0x0000000748e00000|100%| O|  |TAMS 0x0000000748c00000, 0x0000000748c00000| Untracked 
|  71|0x0000000748e00000, 0x0000000749000000, 0x0000000749000000|100%| O|  |TAMS 0x0000000748e00000, 0x0000000748e00000| Untracked 
|  72|0x0000000749000000, 0x0000000749200000, 0x0000000749200000|100%| O|  |TAMS 0x0000000749000000, 0x0000000749000000| Untracked 
|  73|0x0000000749200000, 0x0000000749400000, 0x0000000749400000|100%| O|  |TAMS 0x0000000749200000, 0x0000000749200000| Untracked 
|  74|0x0000000749400000, 0x0000000749600000, 0x0000000749600000|100%| O|  |TAMS 0x0000000749400000, 0x0000000749400000| Untracked 
|  75|0x0000000749600000, 0x0000000749800000, 0x0000000749800000|100%| O|  |TAMS 0x0000000749600000, 0x0000000749600000| Untracked 
|  76|0x0000000749800000, 0x0000000749a00000, 0x0000000749a00000|100%| O|  |TAMS 0x0000000749800000, 0x0000000749800000| Untracked 
|  77|0x0000000749a00000, 0x0000000749c00000, 0x0000000749c00000|100%| O|  |TAMS 0x0000000749a00000, 0x0000000749a00000| Untracked 
|  78|0x0000000749c00000, 0x0000000749e00000, 0x0000000749e00000|100%| O|  |TAMS 0x0000000749c00000, 0x0000000749c00000| Untracked 
|  79|0x0000000749e00000, 0x0000000749fc8200, 0x000000074a000000| 89%| O|  |TAMS 0x0000000749e00000, 0x0000000749e00000| Untracked 
|  80|0x000000074a000000, 0x000000074a000000, 0x000000074a200000|  0%| F|  |TAMS 0x000000074a000000, 0x000000074a000000| Untracked 
|  81|0x000000074a200000, 0x000000074a200000, 0x000000074a400000|  0%| F|  |TAMS 0x000000074a200000, 0x000000074a200000| Untracked 
|  82|0x000000074a400000, 0x000000074a400000, 0x000000074a600000|  0%| F|  |TAMS 0x000000074a400000, 0x000000074a400000| Untracked 
|  83|0x000000074a600000, 0x000000074a600000, 0x000000074a800000|  0%| F|  |TAMS 0x000000074a600000, 0x000000074a600000| Untracked 
|  84|0x000000074a800000, 0x000000074a800000, 0x000000074aa00000|  0%| F|  |TAMS 0x000000074a800000, 0x000000074a800000| Untracked 
|  85|0x000000074aa00000, 0x000000074aa00000, 0x000000074ac00000|  0%| F|  |TAMS 0x000000074aa00000, 0x000000074aa00000| Untracked 
|  86|0x000000074ac00000, 0x000000074ac00000, 0x000000074ae00000|  0%| F|  |TAMS 0x000000074ac00000, 0x000000074ac00000| Untracked 
|  87|0x000000074ae00000, 0x000000074ae00000, 0x000000074b000000|  0%| F|  |TAMS 0x000000074ae00000, 0x000000074ae00000| Untracked 
|  88|0x000000074b000000, 0x000000074b000000, 0x000000074b200000|  0%| F|  |TAMS 0x000000074b000000, 0x000000074b000000| Untracked 
|  89|0x000000074b200000, 0x000000074b200000, 0x000000074b400000|  0%| F|  |TAMS 0x000000074b200000, 0x000000074b200000| Untracked 
|  90|0x000000074b400000, 0x000000074b400000, 0x000000074b600000|  0%| F|  |TAMS 0x000000074b400000, 0x000000074b400000| Untracked 
|  91|0x000000074b600000, 0x000000074b600000, 0x000000074b800000|  0%| F|  |TAMS 0x000000074b600000, 0x000000074b600000| Untracked 
|  92|0x000000074b800000, 0x000000074b800000, 0x000000074ba00000|  0%| F|  |TAMS 0x000000074b800000, 0x000000074b800000| Untracked 
|  93|0x000000074ba00000, 0x000000074ba00000, 0x000000074bc00000|  0%| F|  |TAMS 0x000000074ba00000, 0x000000074ba00000| Untracked 
|  94|0x000000074bc00000, 0x000000074bc00000, 0x000000074be00000|  0%| F|  |TAMS 0x000000074bc00000, 0x000000074bc00000| Untracked 
|  95|0x000000074be00000, 0x000000074be00000, 0x000000074c000000|  0%| F|  |TAMS 0x000000074be00000, 0x000000074be00000| Untracked 
|  96|0x000000074c000000, 0x000000074c000000, 0x000000074c200000|  0%| F|  |TAMS 0x000000074c000000, 0x000000074c000000| Untracked 
|  97|0x000000074c200000, 0x000000074c200000, 0x000000074c400000|  0%| F|  |TAMS 0x000000074c200000, 0x000000074c200000| Untracked 
|  98|0x000000074c400000, 0x000000074c400000, 0x000000074c600000|  0%| F|  |TAMS 0x000000074c400000, 0x000000074c400000| Untracked 
|  99|0x000000074c600000, 0x000000074c800000, 0x000000074c800000|100%| S|CS|TAMS 0x000000074c600000, 0x000000074c600000| Complete 
| 100|0x000000074c800000, 0x000000074ca00000, 0x000000074ca00000|100%| S|CS|TAMS 0x000000074c800000, 0x000000074c800000| Complete 
| 101|0x000000074ca00000, 0x000000074ca00000, 0x000000074cc00000|  0%| F|  |TAMS 0x000000074ca00000, 0x000000074ca00000| Untracked 
| 102|0x000000074cc00000, 0x000000074cc00000, 0x000000074ce00000|  0%| F|  |TAMS 0x000000074cc00000, 0x000000074cc00000| Untracked 
| 103|0x000000074ce00000, 0x000000074ce00000, 0x000000074d000000|  0%| F|  |TAMS 0x000000074ce00000, 0x000000074ce00000| Untracked 
| 104|0x000000074d000000, 0x000000074d000000, 0x000000074d200000|  0%| F|  |TAMS 0x000000074d000000, 0x000000074d000000| Untracked 
| 105|0x000000074d200000, 0x000000074d200000, 0x000000074d400000|  0%| F|  |TAMS 0x000000074d200000, 0x000000074d200000| Untracked 
| 106|0x000000074d400000, 0x000000074d400000, 0x000000074d600000|  0%| F|  |TAMS 0x000000074d400000, 0x000000074d400000| Untracked 
| 107|0x000000074d600000, 0x000000074d600000, 0x000000074d800000|  0%| F|  |TAMS 0x000000074d600000, 0x000000074d600000| Untracked 
| 108|0x000000074d800000, 0x000000074d800000, 0x000000074da00000|  0%| F|  |TAMS 0x000000074d800000, 0x000000074d800000| Untracked 
| 109|0x000000074da00000, 0x000000074da00000, 0x000000074dc00000|  0%| F|  |TAMS 0x000000074da00000, 0x000000074da00000| Untracked 
| 110|0x000000074dc00000, 0x000000074dc00000, 0x000000074de00000|  0%| F|  |TAMS 0x000000074dc00000, 0x000000074dc00000| Untracked 
| 111|0x000000074de00000, 0x000000074de00000, 0x000000074e000000|  0%| F|  |TAMS 0x000000074de00000, 0x000000074de00000| Untracked 
| 112|0x000000074e000000, 0x000000074e000000, 0x000000074e200000|  0%| F|  |TAMS 0x000000074e000000, 0x000000074e000000| Untracked 
| 113|0x000000074e200000, 0x000000074e200000, 0x000000074e400000|  0%| F|  |TAMS 0x000000074e200000, 0x000000074e200000| Untracked 
|1527|0x00000007fee00000, 0x00000007ff000000, 0x00000007ff000000|100%| O|  |TAMS 0x00000007fee00000, 0x00000007ff000000| Untracked 
|1528|0x00000007ff000000, 0x00000007ff200000, 0x00000007ff200000|100%| O|  |TAMS 0x00000007ff000000, 0x00000007ff200000| Untracked 
|1529|0x00000007ff200000, 0x00000007ff400000, 0x00000007ff400000|100%| O|  |TAMS 0x00000007ff200000, 0x00000007ff400000| Untracked 
|1530|0x00000007ff400000, 0x00000007ff600000, 0x00000007ff600000|100%| O|  |TAMS 0x00000007ff400000, 0x00000007ff600000| Untracked 
|1531|0x00000007ff600000, 0x00000007ff800000, 0x00000007ff800000|100%| O|  |TAMS 0x00000007ff600000, 0x00000007ff800000| Untracked 
|1532|0x00000007ff800000, 0x00000007ffa00000, 0x00000007ffa00000|100%| O|  |TAMS 0x00000007ff800000, 0x00000007ffa00000| Untracked 
|1533|0x00000007ffa00000, 0x00000007ffc00000, 0x00000007ffc00000|100%| O|  |TAMS 0x00000007ffa00000, 0x00000007ffc00000| Untracked 
|1534|0x00000007ffc00000, 0x00000007ffe00000, 0x00000007ffe00000|100%| O|  |TAMS 0x00000007ffc00000, 0x00000007ffe00000| Untracked 
|1535|0x00000007ffe00000, 0x0000000800000000, 0x0000000800000000|100%| O|  |TAMS 0x00000007ffe00000, 0x0000000800000000| Untracked 

Card table byte_map: [0x00000250aa380000,0x00000250aa980000] _byte_map_base: 0x00000250a6980000

Marking Bits (Prev, Next): (CMBitMap*) 0x00000250913641d0, (CMBitMap*) 0x0000025091364190
 Prev Bits: [0x00000250adf80000, 0x00000250b0f80000)
 Next Bits: [0x00000250aaf80000, 0x00000250adf80000)

Polling page: 0x0000025091400000

Metaspace:

Usage:
  Non-class:     66.28 MB used.
      Class:     10.31 MB used.
       Both:     76.59 MB used.

Virtual space:
  Non-class space:       72.00 MB reserved,      66.75 MB ( 93%) committed,  9 nodes.
      Class space:        1.00 GB reserved,      10.75 MB (  1%) committed,  1 nodes.
             Both:        1.07 GB reserved,      77.50 MB (  7%) committed. 

Chunk freelists:
   Non-Class:  482.00 KB
       Class:  1.23 MB
        Both:  1.70 MB

MaxMetaspaceSize: unlimited
CompressedClassSpaceSize: 1.00 GB
Initial GC threshold: 21.00 MB
Current GC threshold: 98.44 MB
CDS: on
MetaspaceReclaimPolicy: balanced
 - commit_granule_bytes: 65536.
 - commit_granule_words: 8192.
 - virtual_space_node_default_size: 1048576.
 - enlarge_chunks_in_place: 1.
 - new_chunks_are_fully_committed: 0.
 - uncommit_free_chunks: 1.
 - use_allocation_guard: 0.
 - handle_deallocations: 1.


Internal statistics:

num_allocs_failed_limit: 9.
num_arena_births: 1032.
num_arena_deaths: 4.
num_vsnodes_births: 10.
num_vsnodes_deaths: 0.
num_space_committed: 1240.
num_space_uncommitted: 0.
num_chunks_returned_to_freelist: 19.
num_chunks_taken_from_freelist: 4173.
num_chunk_merges: 6.
num_chunk_splits: 2590.
num_chunks_enlarged: 1566.
num_purges: 2.
num_inconsistent_stats: 0.

CodeHeap 'non-profiled nmethods': size=120000Kb used=11068Kb max_used=11068Kb free=108931Kb
 bounds [0x00000250a1de0000, 0x00000250a28b0000, 0x00000250a9310000]
CodeHeap 'profiled nmethods': size=120000Kb used=25581Kb max_used=26232Kb free=94419Kb
 bounds [0x000002509a8b0000, 0x000002509c250000, 0x00000250a1de0000]
CodeHeap 'non-nmethods': size=5760Kb used=2422Kb max_used=2506Kb free=3337Kb
 bounds [0x000002509a310000, 0x000002509a590000, 0x000002509a8b0000]
 total_blobs=14087 nmethods=13139 adapters=858
 compilation: enabled
              stopped_count=0, restarted_count=0
 full_count=0

Compilation events (20 events):
Event: 1319.394 Thread 0x00000250b3a1bd60 16406       3       net.minecraftforge.srgutils.MappingFile$Cls$Field::<init> (24 bytes)
Event: 1319.394 Thread 0x00000250b3a1bd60 nmethod 16406 0x000002509af87b10 code [0x000002509af87cc0, 0x000002509af87ee8]
Event: 1319.394 Thread 0x00000250b3a1bd60 16396       3       net.minecraftforge.srgutils.MappingFile$Cls$Method::<init> (12 bytes)
Event: 1319.394 Thread 0x00000250b3a1bd60 nmethod 16396 0x000002509b4f6390 code [0x000002509b4f6520, 0x000002509b4f6668]
Event: 1319.394 Thread 0x00000250b3a1bd60 16397       3       net.minecraftforge.srgutils.MappingFile$Cls$Method::<init> (51 bytes)
Event: 1319.395 Thread 0x00000250b3a1bd60 nmethod 16397 0x000002509b27f510 code [0x000002509b27f740, 0x000002509b280298]
Event: 1319.395 Thread 0x00000250b3a1bd60 16408       3       net.minecraftforge.srgutils.MappingFile$$Lambda$1849/0x00000008016bfb20::accept (20 bytes)
Event: 1319.395 Thread 0x00000250b3a1bd60 nmethod 16408 0x000002509afca310 code [0x000002509afca4c0, 0x000002509afca728]
Event: 1319.395 Thread 0x00000250b3a1bd60 16409       3       net.minecraftforge.srgutils.MappingFile::lambda$new$4 (57 bytes)
Event: 1319.396 Thread 0x00000250b7ea7020 nmethod 16399 0x00000250a28ae490 code [0x00000250a28ae620, 0x00000250a28ae958]
Event: 1319.396 Thread 0x00000250b7ea7020 16407       4       net.minecraftforge.srgutils.MappingFile$Node::<init> (45 bytes)
Event: 1319.397 Thread 0x00000250b3a1bd60 nmethod 16409 0x000002509a909010 code [0x000002509a909300, 0x000002509a90a5a8]
Event: 1319.397 Thread 0x00000250b3a1bd60 16412       3       net.minecraftforge.srgutils.MappingFile$Cls::<init> (69 bytes)
Event: 1319.399 Thread 0x00000250b3a1bd60 nmethod 16412 0x000002509b89b590 code [0x000002509b89b860, 0x000002509b89cc68]
Event: 1319.399 Thread 0x00000250b3a1bd60 16413       3       net.minecraftforge.srgutils.MappingFile::addClass (23 bytes)
Event: 1319.399 Thread 0x00000250b3a1bd60 nmethod 16413 0x000002509b710010 code [0x000002509b7101c0, 0x000002509b7104d8]
Event: 1319.400 Thread 0x00000250b3a1bd60 16415 %     2       java.util.HashMap$ValueSpliterator::forEachRemaining @ 122 (186 bytes)
Event: 1319.400 Thread 0x00000250b3a1bd60 nmethod 16415% 0x000002509b098a90 code [0x000002509b098c80, 0x000002509b099288]
Event: 1319.402 Thread 0x00000250b7ea7020 nmethod 16407 0x00000250a28aec10 code [0x00000250a28aeda0, 0x00000250a28af278]
Event: 1319.402 Thread 0x00000250b7ea7020 16416       4       java.util.stream.AbstractPipeline::sourceStageSpliterator (112 bytes)

GC Heap History (20 events):
Event: 1137.588 GC heap after
{Heap after GC invocations=34 (full 0):
 garbage-first heap   total 221184K, used 74989K [0x0000000740000000, 0x0000000800000000)
  region size 2048K, 3 young (6144K), 3 survivors (6144K)
 Metaspace       used 72587K, committed 73408K, reserved 1114112K
  class space    used 9760K, committed 10112K, reserved 1048576K
}
Event: 1141.811 GC heap before
{Heap before GC invocations=34 (full 0):
 garbage-first heap   total 221184K, used 183533K [0x0000000740000000, 0x0000000800000000)
  region size 2048K, 56 young (114688K), 3 survivors (6144K)
 Metaspace       used 72765K, committed 73600K, reserved 1114112K
  class space    used 9775K, committed 10176K, reserved 1048576K
}
Event: 1141.816 GC heap after
{Heap after GC invocations=35 (full 0):
 garbage-first heap   total 221184K, used 75143K [0x0000000740000000, 0x0000000800000000)
  region size 2048K, 4 young (8192K), 4 survivors (8192K)
 Metaspace       used 72765K, committed 73600K, reserved 1114112K
  class space    used 9775K, committed 10176K, reserved 1048576K
}
Event: 1172.837 GC heap before
{Heap before GC invocations=35 (full 0):
 garbage-first heap   total 221184K, used 177543K [0x0000000740000000, 0x0000000800000000)
  region size 2048K, 47 young (96256K), 4 survivors (8192K)
 Metaspace       used 74838K, committed 75712K, reserved 1114112K
  class space    used 10056K, committed 10496K, reserved 1048576K
}
Event: 1172.845 GC heap after
{Heap after GC invocations=36 (full 0):
 garbage-first heap   total 221184K, used 78646K [0x0000000740000000, 0x0000000800000000)
  region size 2048K, 5 young (10240K), 5 survivors (10240K)
 Metaspace       used 74838K, committed 75712K, reserved 1114112K
  class space    used 10056K, committed 10496K, reserved 1048576K
}
Event: 1276.868 GC heap before
{Heap before GC invocations=36 (full 0):
 garbage-first heap   total 221184K, used 201526K [0x0000000740000000, 0x0000000800000000)
  region size 2048K, 55 young (112640K), 5 survivors (10240K)
 Metaspace       used 75490K, committed 76416K, reserved 1122304K
  class space    used 10059K, committed 10496K, reserved 1048576K
}
Event: 1276.877 GC heap after
{Heap after GC invocations=37 (full 0):
 garbage-first heap   total 221184K, used 80284K [0x0000000740000000, 0x0000000800000000)
  region size 2048K, 4 young (8192K), 4 survivors (8192K)
 Metaspace       used 75490K, committed 76416K, reserved 1122304K
  class space    used 10059K, committed 10496K, reserved 1048576K
}
Event: 1307.647 GC heap before
{Heap before GC invocations=37 (full 0):
 garbage-first heap   total 221184K, used 137628K [0x0000000740000000, 0x0000000800000000)
  region size 2048K, 22 young (45056K), 4 survivors (8192K)
 Metaspace       used 75679K, committed 76544K, reserved 1122304K
  class space    used 10065K, committed 10496K, reserved 1048576K
}
Event: 1307.655 GC heap after
{Heap after GC invocations=38 (full 0):
 garbage-first heap   total 221184K, used 81267K [0x0000000740000000, 0x0000000800000000)
  region size 2048K, 4 young (8192K), 4 survivors (8192K)
 Metaspace       used 75679K, committed 76544K, reserved 1122304K
  class space    used 10065K, committed 10496K, reserved 1048576K
}
Event: 1307.706 GC heap before
{Heap before GC invocations=38 (full 0):
 garbage-first heap   total 221184K, used 83315K [0x0000000740000000, 0x0000000800000000)
  region size 2048K, 5 young (10240K), 4 survivors (8192K)
 Metaspace       used 75679K, committed 76544K, reserved 1122304K
  class space    used 10065K, committed 10496K, reserved 1048576K
}
Event: 1307.713 GC heap after
{Heap after GC invocations=39 (full 0):
 garbage-first heap   total 221184K, used 80457K [0x0000000740000000, 0x0000000800000000)
  region size 2048K, 4 young (8192K), 4 survivors (8192K)
 Metaspace       used 75679K, committed 76544K, reserved 1122304K
  class space    used 10065K, committed 10496K, reserved 1048576K
}
Event: 1307.744 GC heap before
{Heap before GC invocations=39 (full 0):
 garbage-first heap   total 221184K, used 102985K [0x0000000740000000, 0x0000000800000000)
  region size 2048K, 5 young (10240K), 4 survivors (8192K)
 Metaspace       used 75679K, committed 76544K, reserved 1122304K
  class space    used 10065K, committed 10496K, reserved 1048576K
}
Event: 1307.752 GC heap after
{Heap after GC invocations=40 (full 0):
 garbage-first heap   total 221184K, used 80981K [0x0000000740000000, 0x0000000800000000)
  region size 2048K, 4 young (8192K), 4 survivors (8192K)
 Metaspace       used 75679K, committed 76544K, reserved 1122304K
  class space    used 10065K, committed 10496K, reserved 1048576K
}
Event: 1319.214 GC heap before
{Heap before GC invocations=40 (full 0):
 garbage-first heap   total 221184K, used 191573K [0x0000000740000000, 0x0000000800000000)
  region size 2048K, 56 young (114688K), 4 survivors (8192K)
 Metaspace       used 78303K, committed 79168K, reserved 1122304K
  class space    used 10545K, committed 10944K, reserved 1048576K
}
Event: 1319.237 GC heap after
{Heap after GC invocations=41 (full 0):
 garbage-first heap   total 239616K, used 116329K [0x0000000740000000, 0x0000000800000000)
  region size 2048K, 7 young (14336K), 7 survivors (14336K)
 Metaspace       used 78303K, committed 79168K, reserved 1122304K
  class space    used 10545K, committed 10944K, reserved 1048576K
}
Event: 1319.303 GC heap before
{Heap before GC invocations=41 (full 0):
 garbage-first heap   total 239616K, used 171625K [0x0000000740000000, 0x0000000800000000)
  region size 2048K, 34 young (69632K), 7 survivors (14336K)
 Metaspace       used 78309K, committed 79168K, reserved 1122304K
  class space    used 10545K, committed 10944K, reserved 1048576K
}
Event: 1319.327 GC heap after
{Heap after GC invocations=42 (full 0):
 garbage-first heap   total 239616K, used 153438K [0x0000000740000000, 0x0000000800000000)
  region size 2048K, 5 young (10240K), 5 survivors (10240K)
 Metaspace       used 78309K, committed 79168K, reserved 1122304K
  class space    used 10545K, committed 10944K, reserved 1048576K
}
Event: 1319.346 GC heap before
{Heap before GC invocations=42 (full 0):
 garbage-first heap   total 239616K, used 180062K [0x0000000740000000, 0x0000000800000000)
  region size 2048K, 18 young (36864K), 5 survivors (10240K)
 Metaspace       used 78309K, committed 79168K, reserved 1122304K
  class space    used 10545K, committed 10944K, reserved 1048576K
}
Event: 1319.362 GC heap after
{Heap after GC invocations=43 (full 0):
 garbage-first heap   total 239616K, used 174214K [0x0000000740000000, 0x0000000800000000)
  region size 2048K, 3 young (6144K), 3 survivors (6144K)
 Metaspace       used 78309K, committed 79168K, reserved 1122304K
  class space    used 10545K, committed 10944K, reserved 1048576K
}
Event: 1319.403 GC heap before
{Heap before GC invocations=43 (full 0):
 garbage-first heap   total 239616K, used 188550K [0x0000000740000000, 0x0000000800000000)
  region size 2048K, 10 young (20480K), 3 survivors (6144K)
 Metaspace       used 78426K, committed 79360K, reserved 1122304K
  class space    used 10557K, committed 11008K, reserved 1048576K
}

Deoptimization events (20 events):
Event: 1319.050 Thread 0x00000250b7eb8550 DEOPT PACKING pc=0x00000250a1e45bc0 sp=0x000000e7f5efeb80
Event: 1319.050 Thread 0x00000250b7eb8550 DEOPT UNPACKING pc=0x000002509a3623a3 sp=0x000000e7f5efeb78 mode 2
Event: 1319.053 Thread 0x00000250b7eb8550 Uncommon trap: trap_request=0xffffffde fr.pc=0x00000250a1eb08ac relative=0x000000000000008c
Event: 1319.053 Thread 0x00000250b7eb8550 Uncommon trap: reason=class_check action=maybe_recompile pc=0x00000250a1eb08ac method=java.util.Optional.flatMap(Ljava/util/function/Function;)Ljava/util/Optional; @ 21 c2
Event: 1319.053 Thread 0x00000250b7eb8550 DEOPT PACKING pc=0x00000250a1eb08ac sp=0x000000e7f5efde10
Event: 1319.053 Thread 0x00000250b7eb8550 DEOPT UNPACKING pc=0x000002509a3623a3 sp=0x000000e7f5efddb0 mode 2
Event: 1319.133 Thread 0x00000250b7eb8550 DEOPT PACKING pc=0x000002509b41628b sp=0x000000e7f5efac30
Event: 1319.133 Thread 0x00000250b7eb8550 DEOPT UNPACKING pc=0x000002509a362b43 sp=0x000000e7f5efa0e8 mode 0
Event: 1319.142 Thread 0x00000250b7eb8550 DEOPT PACKING pc=0x000002509ace1b63 sp=0x000000e7f5efac00
Event: 1319.142 Thread 0x00000250b7eb8550 DEOPT UNPACKING pc=0x000002509a362b43 sp=0x000000e7f5efa0e8 mode 0
Event: 1319.151 Thread 0x00000250b7eb8550 Uncommon trap: trap_request=0xffffff45 fr.pc=0x00000250a2896704 relative=0x00000000000002c4
Event: 1319.151 Thread 0x00000250b7eb8550 Uncommon trap: reason=unstable_if action=reinterpret pc=0x00000250a2896704 method=java.io.BufferedReader$1.hasNext()Z @ 24 c2
Event: 1319.151 Thread 0x00000250b7eb8550 DEOPT PACKING pc=0x00000250a2896704 sp=0x000000e7f5efac30
Event: 1319.151 Thread 0x00000250b7eb8550 DEOPT UNPACKING pc=0x000002509a3623a3 sp=0x000000e7f5efab88 mode 2
Event: 1319.162 Thread 0x00000250b7eb8550 DEOPT PACKING pc=0x000002509bbc7210 sp=0x000000e7f5efac20
Event: 1319.162 Thread 0x00000250b7eb8550 DEOPT UNPACKING pc=0x000002509a362b43 sp=0x000000e7f5efa0c0 mode 0
Event: 1319.379 Thread 0x00000250b7eb8550 Uncommon trap: trap_request=0xffffff45 fr.pc=0x00000250a25ee9c8 relative=0x0000000000000388
Event: 1319.379 Thread 0x00000250b7eb8550 Uncommon trap: reason=unstable_if action=reinterpret pc=0x00000250a25ee9c8 method=java.util.HashMap$ValueSpliterator.forEachRemaining(Ljava/util/function/Consumer;)V @ 31 c2
Event: 1319.379 Thread 0x00000250b7eb8550 DEOPT PACKING pc=0x00000250a25ee9c8 sp=0x000000e7f5efaae0
Event: 1319.379 Thread 0x00000250b7eb8550 DEOPT UNPACKING pc=0x000002509a3623a3 sp=0x000000e7f5efaaa0 mode 2

Classes unloaded (10 events):
Event: 106.552 Thread 0x00000250b39efe30 Unloading class 0x0000000801182aa8 'IJTestEventLogger$2'
Event: 106.552 Thread 0x00000250b39efe30 Unloading class 0x00000008011827d0 'IJTestEventLogger$1'
Event: 106.552 Thread 0x00000250b39efe30 Unloading class 0x00000008011823e8 'IJTestEventLogger$_logConfigurationError_closure2'
Event: 106.552 Thread 0x00000250b39efe30 Unloading class 0x0000000801182000 'IJTestEventLogger$_logTestEvent_closure1$_closure3$_closure5'
Event: 106.552 Thread 0x00000250b39efe30 Unloading class 0x0000000801181a58 'IJTestEventLogger$_logTestEvent_closure1$_closure3$_closure4'
Event: 106.552 Thread 0x00000250b39efe30 Unloading class 0x0000000801181670 'IJTestEventLogger$_logTestEvent_closure1$_closure3'
Event: 106.552 Thread 0x00000250b39efe30 Unloading class 0x0000000801181288 'IJTestEventLogger$_logTestEvent_closure1'
Event: 106.552 Thread 0x00000250b39efe30 Unloading class 0x0000000801181000 'IJTestEventLogger'
Event: 106.552 Thread 0x00000250b39efe30 Unloading class 0x00000008010c8530 '_BuildScript_$_run_closure1'
Event: 106.552 Thread 0x00000250b39efe30 Unloading class 0x00000008010c8000 '_BuildScript_'

Classes redefined (0 events):
No events

Internal exceptions (20 events):
Event: 1318.775 Thread 0x00000250b53a34f0 Exception <a 'java/lang/NoSuchMethodError'{0x000000074a7dc198}: 'java.lang.Object java.lang.invoke.DirectMethodHandle$Holder.newInvokeSpecial(java.lang.Object, java.lang.Object, java.lang.Object, java.lang.Object, java.lang.Object, java.lang.Object, int)'> (0x000000074a7dc198) 
thrown [t:\workspace\open\src\hotspot\share\interpreter\linkResolver.cpp, line 766]
Event: 1318.776 Thread 0x00000250b53a34f0 Exception <a 'java/lang/NoSuchMethodError'{0x000000074a7e1988}: 'java.lang.Object java.lang.invoke.DirectMethodHandle$Holder.invokeSpecial(java.lang.Object, java.lang.Object, java.lang.Object, java.lang.Object, java.lang.Object, java.lang.Object, java.lang.Object, int)'> (0x000000074a7e1988) 
thrown [t:\workspace\open\src\hotspot\share\interpreter\linkResolver.cpp, line 766]
Event: 1318.776 Thread 0x00000250b53a34f0 Exception <a 'java/lang/NoSuchMethodError'{0x000000074a7e6d60}: 'java.lang.Object java.lang.invoke.Invokers$Holder.linkToTargetMethod(java.lang.Object, java.lang.Object, java.lang.Object, java.lang.Object, java.lang.Object, int, java.lang.Object)'> (0x000000074a7e6d60) 
thrown [t:\workspace\open\src\hotspot\share\interpreter\linkResolver.cpp, line 766]
Event: 1318.852 Thread 0x00000250b53a34f0 Implicit null exception at 0x00000250a2771e5c to 0x00000250a2771ef4
Event: 1318.884 Thread 0x00000250b7eb8550 Exception <a 'java/lang/NoSuchMethodError'{0x0000000749f140c8}: 'void java.lang.invoke.DirectMethodHandle$Holder.invokeInterface(java.lang.Object, java.lang.Object, java.lang.Object, java.lang.Object)'> (0x0000000749f140c8) 
thrown [t:\workspace\open\src\hotspot\share\interpreter\linkResolver.cpp, line 766]
Event: 1318.917 Thread 0x00000250b466ba90 Exception <a 'java/lang/NoSuchMethodError'{0x0000000749a9ef50}: static Lorg/gradle/internal/build/event/types/DefaultTaskStartedProgressEvent;.<clinit>()V> (0x0000000749a9ef50) 
thrown [t:\workspace\open\src\hotspot\share\prims\jni.cpp, line 1107]
Event: 1318.917 Thread 0x00000250b466ba90 Exception <a 'java/lang/NoSuchMethodError'{0x0000000749aa04b8}: static Lorg/gradle/internal/build/event/types/AbstractProgressEvent;.<clinit>()V> (0x0000000749aa04b8) 
thrown [t:\workspace\open\src\hotspot\share\prims\jni.cpp, line 1107]
Event: 1318.917 Thread 0x00000250b466ba90 Exception <a 'java/lang/NoSuchMethodError'{0x0000000749ae2330}: static Lorg/gradle/internal/build/event/types/DefaultTaskDescriptor;.<clinit>()V> (0x0000000749ae2330) 
thrown [t:\workspace\open\src\hotspot\share\prims\jni.cpp, line 1107]
Event: 1318.919 Thread 0x00000250b466ba90 Exception <a 'java/lang/NoSuchMethodError'{0x0000000749af8490}: static Lorg/gradle/internal/operations/OperationIdentifier;.<clinit>()V> (0x0000000749af8490) 
thrown [t:\workspace\open\src\hotspot\share\prims\jni.cpp, line 1107]
Event: 1318.919 Thread 0x00000250b466ba90 Exception <a 'java/lang/NoSuchMethodError'{0x0000000749b006e0}: static Lorg/gradle/internal/build/event/types/DefaultBinaryPluginIdentifier;.<clinit>()V> (0x0000000749b006e0) 
thrown [t:\workspace\open\src\hotspot\share\prims\jni.cpp, line 1107]
Event: 1318.921 Thread 0x00000250b7eb8550 Exception <a 'java/lang/IncompatibleClassChangeError'{0x0000000749ad9bb8}: Found class java.lang.Object, but interface was expected> (0x0000000749ad9bb8) 
thrown [t:\workspace\open\src\hotspot\share\interpreter\linkResolver.cpp, line 833]
Event: 1318.979 Thread 0x00000250b7eb8550 Exception <a 'java/lang/IncompatibleClassChangeError'{0x000000074981cab8}: Found class java.lang.Object, but interface was expected> (0x000000074981cab8) 
thrown [t:\workspace\open\src\hotspot\share\interpreter\linkResolver.cpp, line 833]
Event: 1318.997 Thread 0x00000250b7eb8550 Exception <a 'sun/nio/fs/WindowsException'{0x000000074994c868}> (0x000000074994c868) 
thrown [t:\workspace\open\src\hotspot\share\prims\jni.cpp, line 516]
Event: 1319.002 Thread 0x00000250b7eb8550 Exception <a 'sun/nio/fs/WindowsException'{0x000000074995dea0}> (0x000000074995dea0) 
thrown [t:\workspace\open\src\hotspot\share\prims\jni.cpp, line 516]
Event: 1319.037 Thread 0x00000250b466ba90 Exception <a 'java/lang/NoSuchMethodError'{0x0000000749739a30}: static Lorg/gradle/internal/build/event/types/DefaultTaskFinishedProgressEvent;.<clinit>()V> (0x0000000749739a30) 
thrown [t:\workspace\open\src\hotspot\share\prims\jni.cpp, line 1107]
Event: 1319.039 Thread 0x00000250b466ba90 Exception <a 'java/lang/NoSuchMethodError'{0x00000007497806f8}: static Lorg/gradle/internal/build/event/types/DefaultTaskSuccessResult;.<clinit>()V> (0x00000007497806f8) 
thrown [t:\workspace\open\src\hotspot\share\prims\jni.cpp, line 1107]
Event: 1319.039 Thread 0x00000250b466ba90 Exception <a 'java/lang/NoSuchMethodError'{0x0000000749781bc0}: static Lorg/gradle/internal/build/event/types/AbstractTaskResult;.<clinit>()V> (0x0000000749781bc0) 
thrown [t:\workspace\open\src\hotspot\share\prims\jni.cpp, line 1107]
Event: 1319.039 Thread 0x00000250b466ba90 Exception <a 'java/lang/NoSuchMethodError'{0x00000007497830e8}: static Lorg/gradle/internal/build/event/types/AbstractResult;.<clinit>()V> (0x00000007497830e8) 
thrown [t:\workspace\open\src\hotspot\share\prims\jni.cpp, line 1107]
Event: 1319.043 Thread 0x00000250b466ba90 Exception <a 'java/lang/NoSuchMethodError'{0x00000007497a0628}: static [Ljava/lang/Object;.<clinit>()V> (0x00000007497a0628) 
thrown [t:\workspace\open\src\hotspot\share\prims\jni.cpp, line 1107]
Event: 1319.381 Thread 0x00000250b7eb8550 Exception <a 'java/lang/NoSuchMethodError'{0x000000074cf75690}: 'void java.lang.invoke.DirectMethodHandle$Holder.invokeStatic(java.lang.Object, java.lang.Object, int, int, java.lang.Object)'> (0x000000074cf75690) 
thrown [t:\workspace\open\src\hotspot\share\interpreter\linkResolver.cpp, line 766]

VM Operations (20 events):
Event: 1318.860 Executing VM operation: ICBufferFull done
Event: 1318.860 Executing VM operation: ICBufferFull
Event: 1318.860 Executing VM operation: ICBufferFull done
Event: 1318.860 Executing VM operation: ICBufferFull
Event: 1318.860 Executing VM operation: ICBufferFull done
Event: 1318.900 Executing VM operation: HandshakeAllThreads
Event: 1318.901 Executing VM operation: HandshakeAllThreads done
Event: 1318.906 Executing VM operation: HandshakeAllThreads
Event: 1318.906 Executing VM operation: HandshakeAllThreads done
Event: 1318.908 Executing VM operation: HandshakeAllThreads
Event: 1318.908 Executing VM operation: HandshakeAllThreads done
Event: 1318.915 Executing VM operation: HandshakeAllThreads
Event: 1318.915 Executing VM operation: HandshakeAllThreads done
Event: 1319.214 Executing VM operation: G1CollectForAllocation
Event: 1319.238 Executing VM operation: G1CollectForAllocation done
Event: 1319.303 Executing VM operation: G1CollectForAllocation
Event: 1319.327 Executing VM operation: G1CollectForAllocation done
Event: 1319.346 Executing VM operation: G1CollectForAllocation
Event: 1319.362 Executing VM operation: G1CollectForAllocation done
Event: 1319.403 Executing VM operation: G1CollectForAllocation

Events (20 events):
Event: 1318.723 Thread 0x00000250b3a28e60 flushing nmethod 0x000002509bec4110
Event: 1318.795 Thread 0x00000250b7ea7020 Thread added: 0x00000250b7ea7020
Event: 1318.818 Thread 0x00000250b7ea60f0 Thread added: 0x00000250b7ea60f0
Event: 1318.833 loading class java/util/TreeMap$KeySpliterator
Event: 1318.834 loading class java/util/TreeMap$TreeMapSpliterator
Event: 1318.834 loading class java/util/TreeMap$TreeMapSpliterator done
Event: 1318.834 loading class java/util/TreeMap$KeySpliterator done
Event: 1318.853 Thread 0x00000250b7eb8080 Thread added: 0x00000250b7eb8080
Event: 1318.859 Thread 0x00000250b7ebabd0 Thread added: 0x00000250b7ebabd0
Event: 1318.859 Thread 0x00000250b7eb46c0 Thread added: 0x00000250b7eb46c0
Event: 1318.859 Thread 0x00000250b7eb5060 Thread added: 0x00000250b7eb5060
Event: 1318.859 Thread 0x00000250b7eb8550 Thread added: 0x00000250b7eb8550
Event: 1318.859 Thread 0x00000250b7eb8a20 Thread added: 0x00000250b7eb8a20
Event: 1318.859 Thread 0x00000250b654a190 Thread added: 0x00000250b654a190
Event: 1318.860 Thread 0x00000250b65484b0 Thread added: 0x00000250b65484b0
Event: 1318.889 Thread 0x00000250b654b9a0 Thread added: 0x00000250b654b9a0
Event: 1319.001 loading class sun/nio/fs/WindowsSecurity$Privilege
Event: 1319.001 loading class sun/nio/fs/WindowsSecurity$Privilege done
Event: 1319.131 loading class java/io/BufferedReader$1
Event: 1319.131 loading class java/io/BufferedReader$1 done


Dynamic libraries:
0x00007ff772160000 - 0x00007ff772170000 	C:\Program Files\Java\jdk-17.0.1\bin\java.exe
0x00007ff928fb0000 - 0x00007ff9291a8000 	C:\WINDOWS\SYSTEM32\ntdll.dll
0x00007ff927fc0000 - 0x00007ff92807f000 	C:\WINDOWS\System32\KERNEL32.DLL
0x00007ff926980000 - 0x00007ff926c76000 	C:\WINDOWS\System32\KERNELBASE.dll
0x00007ff926c80000 - 0x00007ff926d80000 	C:\WINDOWS\System32\ucrtbase.dll
0x00007ff913ca0000 - 0x00007ff913cb8000 	C:\Program Files\Java\jdk-17.0.1\bin\jli.dll
0x00007ff906e20000 - 0x00007ff906e3a000 	C:\Program Files\Java\jdk-17.0.1\bin\VCRUNTIME140.dll
0x00007ff927770000 - 0x00007ff92781f000 	C:\WINDOWS\System32\ADVAPI32.dll
0x00007ff928300000 - 0x00007ff92839e000 	C:\WINDOWS\System32\msvcrt.dll
0x00007ff927010000 - 0x00007ff9270ac000 	C:\WINDOWS\System32\sechost.dll
0x00007ff928100000 - 0x00007ff928226000 	C:\WINDOWS\System32\RPCRT4.dll
0x00007ff927840000 - 0x00007ff9279dd000 	C:\WINDOWS\System32\USER32.dll
0x00007ff926ef0000 - 0x00007ff926f12000 	C:\WINDOWS\System32\win32u.dll
0x00007ff9148a0000 - 0x00007ff914b3a000 	C:\WINDOWS\WinSxS\amd64_microsoft.windows.common-controls_6595b64144ccf1df_6.0.19041.1110_none_60b5254171f9507e\COMCTL32.dll
0x00007ff927f90000 - 0x00007ff927fbc000 	C:\WINDOWS\System32\GDI32.dll
0x00007ff926860000 - 0x00007ff926975000 	C:\WINDOWS\System32\gdi32full.dll
0x00007ff926f70000 - 0x00007ff92700d000 	C:\WINDOWS\System32\msvcp_win.dll
0x00007ff9214c0000 - 0x00007ff9214ca000 	C:\WINDOWS\SYSTEM32\VERSION.dll
0x00007ff9270b0000 - 0x00007ff9270e0000 	C:\WINDOWS\System32\IMM32.DLL
0x00007ff906d40000 - 0x00007ff906d4c000 	C:\Program Files\Java\jdk-17.0.1\bin\vcruntime140_1.dll
0x00007ff8f3660000 - 0x00007ff8f36ed000 	C:\Program Files\Java\jdk-17.0.1\bin\msvcp140.dll
0x00007ff870310000 - 0x00007ff870ece000 	C:\Program Files\Java\jdk-17.0.1\bin\server\jvm.dll
0x00007ff9271d0000 - 0x00007ff9271d8000 	C:\WINDOWS\System32\PSAPI.DLL
0x00007ff905310000 - 0x00007ff905319000 	C:\WINDOWS\SYSTEM32\WSOCK32.dll
0x00007ff91ab00000 - 0x00007ff91ab27000 	C:\WINDOWS\SYSTEM32\WINMM.dll
0x00007ff9279f0000 - 0x00007ff927a5b000 	C:\WINDOWS\System32\WS2_32.dll
0x00007ff924530000 - 0x00007ff924542000 	C:\WINDOWS\SYSTEM32\kernel.appcore.dll
0x00007ff903840000 - 0x00007ff90384a000 	C:\Program Files\Java\jdk-17.0.1\bin\jimage.dll
0x00007ff914d40000 - 0x00007ff914f24000 	C:\WINDOWS\SYSTEM32\DBGHELP.DLL
0x00007ff90b0e0000 - 0x00007ff90b114000 	C:\WINDOWS\SYSTEM32\dbgcore.DLL
0x00007ff926db0000 - 0x00007ff926e32000 	C:\WINDOWS\System32\bcryptPrimitives.dll
0x00007ff9224b0000 - 0x00007ff9224be000 	C:\Program Files\Java\jdk-17.0.1\bin\instrument.dll
0x00007ff8f8a70000 - 0x00007ff8f8a95000 	C:\Program Files\Java\jdk-17.0.1\bin\java.dll
0x00007ff8ee6f0000 - 0x00007ff8ee7c6000 	C:\Program Files\Java\jdk-17.0.1\bin\svml.dll
0x00007ff9284d0000 - 0x00007ff928c14000 	C:\WINDOWS\System32\SHELL32.dll
0x00007ff924730000 - 0x00007ff924ec3000 	C:\WINDOWS\SYSTEM32\windows.storage.dll
0x00007ff9272f0000 - 0x00007ff927644000 	C:\WINDOWS\System32\combase.dll
0x00007ff925fa0000 - 0x00007ff925fce000 	C:\WINDOWS\SYSTEM32\Wldp.dll
0x00007ff927ed0000 - 0x00007ff927f7d000 	C:\WINDOWS\System32\SHCORE.dll
0x00007ff927170000 - 0x00007ff9271c5000 	C:\WINDOWS\System32\shlwapi.dll
0x00007ff9265d0000 - 0x00007ff9265ef000 	C:\WINDOWS\SYSTEM32\profapi.dll
0x00007ff8f3640000 - 0x00007ff8f3658000 	C:\Program Files\Java\jdk-17.0.1\bin\zip.dll
0x00007ff8fe040000 - 0x00007ff8fe059000 	C:\Program Files\Java\jdk-17.0.1\bin\net.dll
0x00007ff91f3c0000 - 0x00007ff91f4ca000 	C:\WINDOWS\SYSTEM32\WINHTTP.dll
0x00007ff925d10000 - 0x00007ff925d7a000 	C:\WINDOWS\system32\mswsock.dll
0x00007ff8f8a50000 - 0x00007ff8f8a65000 	C:\Program Files\Java\jdk-17.0.1\bin\nio.dll
0x00007ff8f3630000 - 0x00007ff8f3640000 	C:\Program Files\Java\jdk-17.0.1\bin\verify.dll
0x00007ff918c40000 - 0x00007ff918c67000 	D:\jais\.gradle\native\68d5fa5c4cc2d200863cafc0d521ce42e7d3e7ee720ec0a83991735586a16f82\windows-amd64\native-platform.dll
0x00007ff8ec090000 - 0x00007ff8ec1d4000 	D:\jais\.gradle\native\e376f236ea51e6404a007f0833ffe2c6e607c4080706a723a18a27aeea778392\windows-amd64\native-platform-file-events.dll
0x00007ff8f3620000 - 0x00007ff8f3629000 	C:\Program Files\Java\jdk-17.0.1\bin\management.dll
0x00007ff8f3610000 - 0x00007ff8f361b000 	C:\Program Files\Java\jdk-17.0.1\bin\management_ext.dll
0x00007ff926050000 - 0x00007ff926068000 	C:\WINDOWS\SYSTEM32\CRYPTSP.dll
0x00007ff925650000 - 0x00007ff925684000 	C:\WINDOWS\system32\rsaenh.dll
0x00007ff926d80000 - 0x00007ff926da7000 	C:\WINDOWS\System32\bcrypt.dll
0x00007ff926590000 - 0x00007ff9265be000 	C:\WINDOWS\SYSTEM32\USERENV.dll
0x00007ff925ea0000 - 0x00007ff925eac000 	C:\WINDOWS\SYSTEM32\CRYPTBASE.dll
0x00007ff925a20000 - 0x00007ff925a5c000 	C:\WINDOWS\SYSTEM32\IPHLPAPI.DLL
0x00007ff927f80000 - 0x00007ff927f88000 	C:\WINDOWS\System32\NSI.dll
0x00007ff920710000 - 0x00007ff920727000 	C:\WINDOWS\SYSTEM32\dhcpcsvc6.DLL
0x00007ff921040000 - 0x00007ff92105d000 	C:\WINDOWS\SYSTEM32\dhcpcsvc.DLL
0x00007ff925a60000 - 0x00007ff925b2b000 	C:\WINDOWS\SYSTEM32\DNSAPI.dll
0x00007ff8f33d0000 - 0x00007ff8f33de000 	C:\Program Files\Java\jdk-17.0.1\bin\sunmscapi.dll
0x00007ff926700000 - 0x00007ff92685e000 	C:\WINDOWS\System32\CRYPT32.dll
0x00007ff926160000 - 0x00007ff926188000 	C:\WINDOWS\SYSTEM32\ncrypt.dll
0x00007ff926120000 - 0x00007ff92615b000 	C:\WINDOWS\SYSTEM32\NTASN1.dll
0x00007ff8ea4f0000 - 0x00007ff8ea4f7000 	C:\WINDOWS\system32\wshunix.dll
0x000000005b180000 - 0x000000005b1a6000 	C:\Program Files\Bonjour\mdnsNSP.dll
0x00007ff90bf10000 - 0x00007ff90bf1a000 	C:\Windows\System32\rasadhlp.dll
0x00007ff91cf00000 - 0x00007ff91cf82000 	C:\WINDOWS\System32\fwpuclnt.dll
0x00007ff925770000 - 0x00007ff9257a3000 	C:\WINDOWS\SYSTEM32\ntmarta.dll

dbghelp: loaded successfully - version: 4.0.5 - missing functions: none
symbol engine: initialized successfully - sym options: 0x614 - pdb path: .;C:\Program Files\Java\jdk-17.0.1\bin;C:\WINDOWS\SYSTEM32;C:\WINDOWS\WinSxS\amd64_microsoft.windows.common-controls_6595b64144ccf1df_6.0.19041.1110_none_60b5254171f9507e;C:\Program Files\Java\jdk-17.0.1\bin\server;D:\jais\.gradle\native\68d5fa5c4cc2d200863cafc0d521ce42e7d3e7ee720ec0a83991735586a16f82\windows-amd64;D:\jais\.gradle\native\e376f236ea51e6404a007f0833ffe2c6e607c4080706a723a18a27aeea778392\windows-amd64;C:\Program Files\Bonjour

VM Arguments:
jvm_args: --add-opens=java.base/java.util=ALL-UNNAMED --add-opens=java.base/java.lang=ALL-UNNAMED --add-opens=java.base/java.lang.invoke=ALL-UNNAMED --add-opens=java.prefs/java.util.prefs=ALL-UNNAMED --add-opens=java.base/java.nio.charset=ALL-UNNAMED --add-opens=java.base/java.net=ALL-UNNAMED --add-opens=java.base/java.util.concurrent.atomic=ALL-UNNAMED -Xmx3G -Dfile.encoding=windows-1252 -Duser.country=US -Duser.language=en -Duser.variant -javaagent:D:\jais\.gradle\wrapper\dists\gradle-8.1.1-bin\9wiye5v2saajue4irfo8ybqfp\gradle-8.1.1\lib\agents\gradle-instrumentation-agent-8.1.1.jar 
java_command: org.gradle.launcher.daemon.bootstrap.GradleDaemon 8.1.1
java_class_path (initial): D:\jais\.gradle\wrapper\dists\gradle-8.1.1-bin\9wiye5v2saajue4irfo8ybqfp\gradle-8.1.1\lib\gradle-launcher-8.1.1.jar
Launcher Type: SUN_STANDARD

[Global flags]
     intx CICompilerCount                          = 4                                         {product} {ergonomic}
     uint ConcGCThreads                            = 2                                         {product} {ergonomic}
     uint G1ConcRefinementThreads                  = 8                                         {product} {ergonomic}
   size_t G1HeapRegionSize                         = 2097152                                   {product} {ergonomic}
    uintx GCDrainStackTargetSize                   = 64                                        {product} {ergonomic}
   size_t InitialHeapSize                          = 234881024                                 {product} {ergonomic}
   size_t MarkStackSize                            = 4194304                                   {product} {ergonomic}
   size_t MaxHeapSize                              = 3221225472                                {product} {command line}
   size_t MaxNewSize                               = 1931476992                                {product} {ergonomic}
   size_t MinHeapDeltaBytes                        = 2097152                                   {product} {ergonomic}
   size_t MinHeapSize                              = 8388608                                   {product} {ergonomic}
    uintx NonNMethodCodeHeapSize                   = 5839372                                {pd product} {ergonomic}
    uintx NonProfiledCodeHeapSize                  = 122909434                              {pd product} {ergonomic}
    uintx ProfiledCodeHeapSize                     = 122909434                              {pd product} {ergonomic}
    uintx ReservedCodeCacheSize                    = 251658240                              {pd product} {ergonomic}
     bool SegmentedCodeCache                       = true                                      {product} {ergonomic}
   size_t SoftMaxHeapSize                          = 3221225472                             {manageable} {ergonomic}
     bool UseCompressedClassPointers               = true                           {product lp64_product} {ergonomic}
     bool UseCompressedOops                        = true                           {product lp64_product} {ergonomic}
     bool UseG1GC                                  = true                                      {product} {ergonomic}
     bool UseLargePagesIndividualAllocation        = false                                  {pd product} {ergonomic}

Logging:
Log output configuration:
 #0: stdout all=warning uptime,level,tags
 #1: stderr all=off uptime,level,tags

Environment Variables:
PATH=C:\Program Files\OpenJDK\jdk-11.0.18.10-hotspot\bin;C:\Python310\Scripts\;C:\Python310\;C:\Program Files\Zulu\zulu-8\bin\;C:\Program Files\Common Files\Oracle\Java\javapath;C:\Program Files\AdoptOpenJDK\jre-11.0.10.9-openj9\bin;C:\Program Files\AdoptOpenJDK\jre-8.0.282.8-hotspot\bin;C:\WINDOWS\system32;C:\WINDOWS;C:\WINDOWS\System32\Wbem;C:\WINDOWS\System32\WindowsPowerShell\v1.0\;C:\WINDOWS\System32\OpenSSH\;C:\Program Files\Calibre2\;C:\Program Files (x86)\QuickTime\QTSystem\;C:\Program Files\PuTTY\;C:\Program Files\Git\cmd;D:\jais\php-7.4;C:\ProgramData\ComposerSetup\bin;C:\Program Files\nodejs\;C:\ProgramData\chocolatey\bin;;C:\Program Files\Docker\Docker\resources\bin;C:\Users\Jais\scoop\shims;C:\Users\Jais\AppData\Local\Microsoft\WindowsApps;D:\jais\php-7.4;C:\Users\Jais\AppData\Roaming\Composer\vendor\bin;C:\Program Files\MariaDB 10.7\bin;C:\Users\Jais\AppData\Roaming\npm
USERNAME=Jais
OS=Windows_NT
PROCESSOR_IDENTIFIER=AMD64 Family 23 Model 17 Stepping 0, AuthenticAMD



---------------  S Y S T E M  ---------------

OS:
 Windows 10 , 64 bit Build 19041 (10.0.19041.2913)
OS uptime: 0 days 18:30 hours
Hyper-V role detected

CPU: total 8 (initial active 8) (8 cores per cpu, 2 threads per core) family 23 model 17 stepping 0 microcode 0x0, cx8, cmov, fxsr, ht, mmx, 3dnowpref, sse, sse2, sse3, ssse3, sse4a, sse4.1, sse4.2, popcnt, lzcnt, tsc, tscinvbit, avx, avx2, aes, clmul, bmi1, bmi2, adx, sha, fma, vzeroupper, clflush, clflushopt, hv

Memory: 4k page, system-wide physical 14244M (1852M free)
TotalPageFile size 29349M (AvailPageFile size 353M)
current process WorkingSet (physical memory assigned to process): 534M, peak: 534M
current process commit charge ("private bytes"): 591M, peak: 1023M

vm_info: Java HotSpot(TM) 64-Bit Server VM (17.0.1+12-LTS-39) for windows-amd64 JRE (17.0.1+12-LTS-39), built on Sep 27 2021 18:41:35 by "mach5one" with MS VC++ 16.8 (VS2019)

END.
